Using pre-set license
Built from '6000.0/staging' branch; Version is '6000.0.47f1 (2ad1ed33fd3b) revision 2806253'; Using compiler version '193933523'; Build Type 'Release'
OS: 'Windows 11  (10.0.26100) 64bit Professional' Language: 'en' Physical Memory: 32472 MB
BatchMode: 1, IsHumanControllingUs: 0, StartBugReporterOnCrash: 0, Is64bit: 1, IsPro: 1

COMMAND LINE ARGUMENTS:
C:\Program Files\Unity\Hub\Editor\6000.0.47f1\Editor\Unity.exe
-adb2
-batchMode
-noUpm
-name
AssetImportWorker6
-projectPath
C:/Users/USER/Desktop/shadownyanyan
-logFile
Logs/AssetImportWorker6.log
-srvPort
49947
-job-worker-count
7
-background-job-worker-count
8
-gc-helper-count
1
Successfully changed project path to: C:/Users/USER/Desktop/shadownyanyan
C:/Users/USER/Desktop/shadownyanyan
[UnityMemory] Configuration Parameters - Can be set up in boot.config
    "memorysetup-bucket-allocator-granularity=16"
    "memorysetup-bucket-allocator-bucket-count=8"
    "memorysetup-bucket-allocator-block-size=33554432"
    "memorysetup-bucket-allocator-block-count=8"
    "memorysetup-main-allocator-block-size=16777216"
    "memorysetup-thread-allocator-block-size=16777216"
    "memorysetup-gfx-main-allocator-block-size=16777216"
    "memorysetup-gfx-thread-allocator-block-size=16777216"
    "memorysetup-cache-allocator-block-size=4194304"
    "memorysetup-typetree-allocator-block-size=2097152"
    "memorysetup-profiler-bucket-allocator-granularity=16"
    "memorysetup-profiler-bucket-allocator-bucket-count=8"
    "memorysetup-profiler-bucket-allocator-block-size=33554432"
    "memorysetup-profiler-bucket-allocator-block-count=8"
    "memorysetup-profiler-allocator-block-size=16777216"
    "memorysetup-profiler-editor-allocator-block-size=1048576"
    "memorysetup-temp-allocator-size-main=16777216"
    "memorysetup-job-temp-allocator-block-size=2097152"
    "memorysetup-job-temp-allocator-block-size-background=1048576"
    "memorysetup-job-temp-allocator-reduction-small-platforms=262144"
    "memorysetup-allocator-temp-initial-block-size-main=262144"
    "memorysetup-allocator-temp-initial-block-size-worker=262144"
    "memorysetup-temp-allocator-size-background-worker=32768"
    "memorysetup-temp-allocator-size-job-worker=262144"
    "memorysetup-temp-allocator-size-preload-manager=33554432"
    "memorysetup-temp-allocator-size-nav-mesh-worker=65536"
    "memorysetup-temp-allocator-size-audio-worker=65536"
    "memorysetup-temp-allocator-size-cloud-worker=32768"
    "memorysetup-temp-allocator-size-gi-baking-worker=262144"
    "memorysetup-temp-allocator-size-gi-baking-worker=262144"
    "memorysetup-temp-allocator-size-gi-baking-worker=262144"
    "memorysetup-temp-allocator-size-gi-baking-worker=262144"
    "memorysetup-temp-allocator-size-gi-baking-worker=262144"
    "memorysetup-temp-allocator-size-gfx=262144"
Player connection [35904]  Target information:

Player connection [35904]  * "[IP] 10.49.190.130 [Port] 0 [Flags] 2 [Guid] 879822294 [EditorId] 879822294 [Version] 1048832 [Id] WindowsEditor(7,MSI) [Debug] 1 [PackageName] WindowsEditor [ProjectName] Editor" 

Player connection [35904] Host joined multi-casting on [225.0.0.222:54997]...
Player connection [35904] Host joined alternative multi-casting on [225.0.0.222:34997]...
JobSystem: Creating JobQueue using job-worker-count value 7
Input System module state changed to: Initialized.
[Physics::Module] Initialized fallback backend.
[Physics::Module] Id: 0xdecafbad
Library Redirect Path: Library/
[Physics::Module] Selected backend.
[Physics::Module] Name: PhysX
[Physics::Module] Id: 0xf2b8ea05
[Physics::Module] SDK Version: 4.1.2
[Physics::Module] Integration Version: 1.0.0
[Physics::Module] Threading Mode: Multi-Threaded
Refreshing native plugins compatible for Editor in 6.72 ms, found 8 plugins.
Preloading 0 native plugins for Editor in 0.00 ms.
Initialize engine version: 6000.0.47f1 (2ad1ed33fd3b)
[Subsystems] Discovering subsystems at path C:/Program Files/Unity/Hub/Editor/6000.0.47f1/Editor/Data/Resources/UnitySubsystems
[Subsystems] Discovering subsystems at path C:/Users/USER/Desktop/shadownyanyan/Assets
GfxDevice: creating device client; kGfxThreadingModeNonThreaded
Direct3D:
    Version:  Direct3D 11.0 [level 11.1]
    Renderer: NVIDIA GeForce RTX 4060 Laptop GPU (ID=0x28a0)
    Vendor:   NVIDIA
    VRAM:     7957 MB
    Driver:   32.0.15.5612
Initialize mono
Mono path[0] = 'C:/Program Files/Unity/Hub/Editor/6000.0.47f1/Editor/Data/Managed'
Mono path[1] = 'C:/Program Files/Unity/Hub/Editor/6000.0.47f1/Editor/Data/MonoBleedingEdge/lib/mono/unityjit-win32'
Mono config path = 'C:/Program Files/Unity/Hub/Editor/6000.0.47f1/Editor/Data/MonoBleedingEdge/etc'
Using monoOptions --debugger-agent=transport=dt_socket,embedding=1,server=y,suspend=n,address=127.0.0.1:56140
Begin MonoManager ReloadAssembly
Registering precompiled unity dll's ...
Register platform support module: C:/Program Files/Unity/Hub/Editor/6000.0.47f1/Editor/Data/PlaybackEngines/WindowsStandaloneSupport/UnityEditor.WindowsStandalone.Extensions.dll
Registered in 0.004218 seconds.
- Loaded All Assemblies, in  0.386 seconds
Native extension for WindowsStandalone target not found
Mono: successfully reloaded assembly
- Finished resetting the current domain, in  0.374 seconds
Domain Reload Profiling: 757ms
	BeginReloadAssembly (138ms)
		ExecutionOrderSort (0ms)
		DisableScriptedObjects (0ms)
		BackupInstance (0ms)
		ReleaseScriptingObjects (0ms)
		CreateAndSetChildDomain (1ms)
	RebuildCommonClasses (38ms)
	RebuildNativeTypeToScriptingClass (11ms)
	initialDomainReloadingComplete (49ms)
	LoadAllAssembliesAndSetupDomain (146ms)
		LoadAssemblies (133ms)
		RebuildTransferFunctionScriptingTraits (0ms)
		AnalyzeDomain (143ms)
			TypeCache.Refresh (141ms)
				TypeCache.ScanAssembly (127ms)
			BuildScriptInfoCaches (0ms)
			ResolveRequiredComponents (0ms)
	FinalizeReload (374ms)
		ReleaseScriptCaches (0ms)
		RebuildScriptCaches (0ms)
		SetupLoadedEditorAssemblies (331ms)
			LogAssemblyErrors (0ms)
			InitializePlatformSupportModulesInManaged (25ms)
			SetLoadedEditorAssemblies (4ms)
			BeforeProcessingInitializeOnLoad (58ms)
			ProcessInitializeOnLoadAttributes (184ms)
			ProcessInitializeOnLoadMethodAttributes (59ms)
			AfterProcessingInitializeOnLoad (0ms)
			EditorAssembliesLoaded (0ms)
		ExecutionOrderSort2 (0ms)
		AwakeInstancesAfterBackupRestoration (0ms)
Assembly reference Packages/com.unity.cinemachine/Editor/Samples/ExposeHDRPInternals/HDRP-Editor-ref.asmref has no target assembly definition
========================================================================
Worker process is ready to serve import requests
Import Worker Mode flag is 0x00
Assembly reference Packages/com.unity.cinemachine/Editor/Samples/ExposeHDRPInternals/HDRP-Editor-ref.asmref has no target assembly definition
Assembly reference Packages/com.unity.cinemachine/Editor/Samples/ExposeHDRPInternals/HDRP-Editor-ref.asmref has no target assembly definition
Begin MonoManager ReloadAssembly
- Loaded All Assemblies, in  0.858 seconds
Assembly reference Packages/com.unity.cinemachine/Editor/Samples/ExposeHDRPInternals/HDRP-Editor-ref.asmref has no target assembly definition
'Packages/com.unity.cinemachine/Editor/Obsolete/CinemachineVirtualCameraBaseEditor.cs' contains partial class of Unity.Object, exactly 1 of the partial classes needs to be in a file with the same filename. This is to know the one that can be referenced from ie. GameObjects
'Packages/com.unity.cinemachine/Editor/Editors/CinemachineVirtualCameraBaseEditor.cs' contains partial class of Unity.Object, exactly 1 of the partial classes needs to be in a file with the same filename. This is to know the one that can be referenced from ie. GameObjects
Refreshing native plugins compatible for Editor in 3.75 ms, found 8 plugins.
Native extension for WindowsStandalone target not found
Assembly reference Packages/com.unity.cinemachine/Editor/Samples/ExposeHDRPInternals/HDRP-Editor-ref.asmref has no target assembly definition
Package Manager log level set to [2]
[Package Manager] Failed to launch server process. Reason: Unity was launched with the -noUpm command-line argument
[Package Manager] Unable to send message (not connected to server process).
[Package Manager] Cannot connect to Unity Package Manager local server
[Package Manager] Failed to launch server process. Reason: Unity was launched with the -noUpm command-line argument
[Package Manager] Unable to send message (not connected to server process).
[Package Manager] Cannot connect to Unity Package Manager local server
Mono: successfully reloaded assembly
- Finished resetting the current domain, in  0.898 seconds
Domain Reload Profiling: 1750ms
	BeginReloadAssembly (156ms)
		ExecutionOrderSort (0ms)
		DisableScriptedObjects (5ms)
		BackupInstance (0ms)
		ReleaseScriptingObjects (0ms)
		CreateAndSetChildDomain (26ms)
	RebuildCommonClasses (34ms)
	RebuildNativeTypeToScriptingClass (11ms)
	initialDomainReloadingComplete (37ms)
	LoadAllAssembliesAndSetupDomain (614ms)
		LoadAssemblies (435ms)
		RebuildTransferFunctionScriptingTraits (0ms)
		AnalyzeDomain (272ms)
			TypeCache.Refresh (193ms)
				TypeCache.ScanAssembly (176ms)
			BuildScriptInfoCaches (61ms)
			ResolveRequiredComponents (15ms)
	FinalizeReload (898ms)
		ReleaseScriptCaches (0ms)
		RebuildScriptCaches (0ms)
		SetupLoadedEditorAssemblies (750ms)
			LogAssemblyErrors (0ms)
			InitializePlatformSupportModulesInManaged (2ms)
			SetLoadedEditorAssemblies (5ms)
			BeforeProcessingInitializeOnLoad (162ms)
			ProcessInitializeOnLoadAttributes (454ms)
			ProcessInitializeOnLoadMethodAttributes (121ms)
			AfterProcessingInitializeOnLoad (6ms)
			EditorAssembliesLoaded (0ms)
		ExecutionOrderSort2 (0ms)
		AwakeInstancesAfterBackupRestoration (11ms)
Launched and connected shader compiler UnityShaderCompiler.exe after 0.02 seconds
Refreshing native plugins compatible for Editor in 4.20 ms, found 8 plugins.
Preloading 0 native plugins for Editor in 0.00 ms.
Unloading 231 Unused Serialized files (Serialized files now loaded: 0)
Unloading 7222 unused Assets / (4.4 MB). Loaded Objects now: 7934.
Memory consumption went from 188.4 MB to 184.0 MB.
Total: 8.202800 ms (FindLiveObjects: 0.639800 ms CreateObjectMapping: 0.424100 ms MarkObjects: 5.056700 ms  DeleteObjects: 2.079900 ms)

========================================================================
Received Import Request.
  Time since last request: 838886.202451 seconds.
  path: Assets/nana/RunnerTileSet_22.asset
  artifactKey: Guid(9782479f640e2014087232f7c5a51af7) Importer(815301076,1909f56bfc062723c751e8b465ee728b)
Start importing Assets/nana/RunnerTileSet_22.asset using Guid(9782479f640e2014087232f7c5a51af7) Importer(815301076,1909f56bfc062723c751e8b465ee728b) (PreviewImporter) -> (artifact id: 'b6f17876261d8ea9916ae5e160fe5c57') in 0.1170093 seconds
Number of updated asset objects reloaded before import = 0Number of asset objects unloaded after import = 3

========================================================================
Received Import Request.
  Time since last request: 7.685233 seconds.
  path: Assets/nana/RunnerTileSet_26.asset
  artifactKey: Guid(663bb7967e9501847bcdde8c84afb482) Importer(815301076,1909f56bfc062723c751e8b465ee728b)
Start importing Assets/nana/RunnerTileSet_26.asset using Guid(663bb7967e9501847bcdde8c84afb482) Importer(815301076,1909f56bfc062723c751e8b465ee728b) (PreviewImporter) -> (artifact id: '1461471bbcf7787d75c1d8bd7d1a7dad') in 0.029468 seconds
Number of updated asset objects reloaded before import = 0Number of asset objects unloaded after import = 3

========================================================================
Received Import Request.
  Time since last request: 0.355072 seconds.
  path: Assets/nana/RunnerTileSet_30.asset
  artifactKey: Guid(18d4242890ad5fe4f8ec7bea4eb8948f) Importer(815301076,1909f56bfc062723c751e8b465ee728b)
Start importing Assets/nana/RunnerTileSet_30.asset using Guid(18d4242890ad5fe4f8ec7bea4eb8948f) Importer(815301076,1909f56bfc062723c751e8b465ee728b) (PreviewImporter) -> (artifact id: '9049286bba4e499f7bfd4cbd1e4e49f7') in 0.025678 seconds
Number of updated asset objects reloaded before import = 0Number of asset objects unloaded after import = 3

========================================================================
Received Import Request.
  Time since last request: 4.085576 seconds.
  path: Assets/nana/RunnerTileSet_34.asset
  artifactKey: Guid(ca71223b62a5b3f408bcf0f8f55a917a) Importer(815301076,1909f56bfc062723c751e8b465ee728b)
Start importing Assets/nana/RunnerTileSet_34.asset using Guid(ca71223b62a5b3f408bcf0f8f55a917a) Importer(815301076,1909f56bfc062723c751e8b465ee728b) (PreviewImporter) -> (artifact id: 'ecf2a2f1cc8a4a199ab1425082be4d4c') in 0.0471357 seconds
Number of updated asset objects reloaded before import = 0Number of asset objects unloaded after import = 3

========================================================================
Received Import Request.
  Time since last request: 2.101741 seconds.
  path: Assets/nana/RunnerTileSet_38.asset
  artifactKey: Guid(240ab6c6c1c96784dac5af7a32cc8661) Importer(815301076,1909f56bfc062723c751e8b465ee728b)
Start importing Assets/nana/RunnerTileSet_38.asset using Guid(240ab6c6c1c96784dac5af7a32cc8661) Importer(815301076,1909f56bfc062723c751e8b465ee728b) (PreviewImporter) -> (artifact id: '560d70f4947c84bfab55382da44789c5') in 0.0276554 seconds
Number of updated asset objects reloaded before import = 0Number of asset objects unloaded after import = 3

========================================================================
Received Import Request.
  Time since last request: 0.100679 seconds.
  path: Assets/nana/RunnerTileSet_42.asset
  artifactKey: Guid(85ac790516c68fb4580986df990afb77) Importer(815301076,1909f56bfc062723c751e8b465ee728b)
Start importing Assets/nana/RunnerTileSet_42.asset using Guid(85ac790516c68fb4580986df990afb77) Importer(815301076,1909f56bfc062723c751e8b465ee728b) (PreviewImporter) -> (artifact id: '23c5a2fc590cb3095595fc599526dbfe') in 0.0333909 seconds
Number of updated asset objects reloaded before import = 0Number of asset objects unloaded after import = 3

========================================================================
Received Import Request.
  Time since last request: 2.207435 seconds.
  path: Assets/nana/RunnerTileSet_46.asset
  artifactKey: Guid(654f6f841017a1345bd7489a98b18b14) Importer(815301076,1909f56bfc062723c751e8b465ee728b)
Start importing Assets/nana/RunnerTileSet_46.asset using Guid(654f6f841017a1345bd7489a98b18b14) Importer(815301076,1909f56bfc062723c751e8b465ee728b) (PreviewImporter) -> (artifact id: '4230bfec9af6837b2637e2257fb5ceaa') in 0.0293861 seconds
Number of updated asset objects reloaded before import = 0Number of asset objects unloaded after import = 3

========================================================================
Received Import Request.
  Time since last request: 0.073048 seconds.
  path: Assets/nana/RunnerTileSet_50.asset
  artifactKey: Guid(01a0bf75c618e4f4c989e0089bb66332) Importer(815301076,1909f56bfc062723c751e8b465ee728b)
Start importing Assets/nana/RunnerTileSet_50.asset using Guid(01a0bf75c618e4f4c989e0089bb66332) Importer(815301076,1909f56bfc062723c751e8b465ee728b) (PreviewImporter) -> (artifact id: 'e6cbd085d36542969acf16c5cf2bafe8') in 0.0380808 seconds
Number of updated asset objects reloaded before import = 0Number of asset objects unloaded after import = 3

========================================================================
Received Import Request.
  Time since last request: 0.170821 seconds.
  path: Assets/nana/RunnerTileSet_54.asset
  artifactKey: Guid(f033c7538f7c5c74095411e33cb8c44e) Importer(815301076,1909f56bfc062723c751e8b465ee728b)
Start importing Assets/nana/RunnerTileSet_54.asset using Guid(f033c7538f7c5c74095411e33cb8c44e) Importer(815301076,1909f56bfc062723c751e8b465ee728b) (PreviewImporter) -> (artifact id: '62026953a9c6d065e5b038c35a8b5a9b') in 0.0291338 seconds
Number of updated asset objects reloaded before import = 0Number of asset objects unloaded after import = 3

========================================================================
Received Import Request.
  Time since last request: 1.748959 seconds.
  path: Assets/nana/RunnerTileSet_58.asset
  artifactKey: Guid(dc68f1884389c374c8c9b07395e02b4c) Importer(815301076,1909f56bfc062723c751e8b465ee728b)
Start importing Assets/nana/RunnerTileSet_58.asset using Guid(dc68f1884389c374c8c9b07395e02b4c) Importer(815301076,1909f56bfc062723c751e8b465ee728b) (PreviewImporter) -> (artifact id: '4cf123b500a2444ea9da47ada6a2b131') in 0.0327738 seconds
Number of updated asset objects reloaded before import = 0Number of asset objects unloaded after import = 3

========================================================================
Received Import Request.
  Time since last request: 2.228053 seconds.
  path: Assets/nana/RunnerTileSet_62.asset
  artifactKey: Guid(f643164fd259ddf4f815f8ab80cda9e8) Importer(815301076,1909f56bfc062723c751e8b465ee728b)
Start importing Assets/nana/RunnerTileSet_62.asset using Guid(f643164fd259ddf4f815f8ab80cda9e8) Importer(815301076,1909f56bfc062723c751e8b465ee728b) (PreviewImporter) -> (artifact id: '2879a2d70a2dc09e9d35b1bda85392ff') in 0.035668 seconds
Number of updated asset objects reloaded before import = 0Number of asset objects unloaded after import = 3

========================================================================
Received Import Request.
  Time since last request: 0.089187 seconds.
  path: Assets/nana/RunnerTileSet_66.asset
  artifactKey: Guid(6a7f197e0e3d3e045814fa0066b69fb1) Importer(815301076,1909f56bfc062723c751e8b465ee728b)
Start importing Assets/nana/RunnerTileSet_66.asset using Guid(6a7f197e0e3d3e045814fa0066b69fb1) Importer(815301076,1909f56bfc062723c751e8b465ee728b) (PreviewImporter) -> (artifact id: '3e271c9bd7935a5bd122f36f0aa717ed') in 0.0322657 seconds
Number of updated asset objects reloaded before import = 0Number of asset objects unloaded after import = 3

========================================================================
Received Import Request.
  Time since last request: 1.862986 seconds.
  path: Assets/nana/RunnerTileSet_70.asset
  artifactKey: Guid(e6a99fef16818dd40a7ea05593c7f30e) Importer(815301076,1909f56bfc062723c751e8b465ee728b)
Start importing Assets/nana/RunnerTileSet_70.asset using Guid(e6a99fef16818dd40a7ea05593c7f30e) Importer(815301076,1909f56bfc062723c751e8b465ee728b) (PreviewImporter) -> (artifact id: '38b56eca9c8da9c4cf9c9437f82aaf5a') in 0.0316166 seconds
Number of updated asset objects reloaded before import = 0Number of asset objects unloaded after import = 3

========================================================================
Received Import Request.
  Time since last request: 0.098117 seconds.
  path: Assets/nana/RunnerTileSet_74.asset
  artifactKey: Guid(62328c90b57993146ba3ca0b0da501e4) Importer(815301076,1909f56bfc062723c751e8b465ee728b)
Start importing Assets/nana/RunnerTileSet_74.asset using Guid(62328c90b57993146ba3ca0b0da501e4) Importer(815301076,1909f56bfc062723c751e8b465ee728b) (PreviewImporter) -> (artifact id: '29273a0dd9e8d409b501a5fa201cdc6a') in 0.0243303 seconds
Number of updated asset objects reloaded before import = 0Number of asset objects unloaded after import = 3

========================================================================
Received Import Request.
  Time since last request: 1.464716 seconds.
  path: Assets/nana/RunnerTileSet_78.asset
  artifactKey: Guid(4e1394804f317324889e5776b5a45fe4) Importer(815301076,1909f56bfc062723c751e8b465ee728b)
Start importing Assets/nana/RunnerTileSet_78.asset using Guid(4e1394804f317324889e5776b5a45fe4) Importer(815301076,1909f56bfc062723c751e8b465ee728b) (PreviewImporter) -> (artifact id: '8f1d2921ddb2e9624d31dc51ca885a42') in 0.0300556 seconds
Number of updated asset objects reloaded before import = 0Number of asset objects unloaded after import = 3

========================================================================
Received Import Request.
  Time since last request: 0.987359 seconds.
  path: Assets/nana/RunnerTileSet_82.asset
  artifactKey: Guid(2702adb6dcc32ca4e9d3b58bd85ead2a) Importer(815301076,1909f56bfc062723c751e8b465ee728b)
Start importing Assets/nana/RunnerTileSet_82.asset using Guid(2702adb6dcc32ca4e9d3b58bd85ead2a) Importer(815301076,1909f56bfc062723c751e8b465ee728b) (PreviewImporter) -> (artifact id: '68334f705eaf340213fec159084655c0') in 0.0334092 seconds
Number of updated asset objects reloaded before import = 0Number of asset objects unloaded after import = 3

========================================================================
Received Import Request.
  Time since last request: 0.219253 seconds.
  path: Assets/nana/RunnerTileSet_86.asset
  artifactKey: Guid(663914e68189c354ba07296d712a969c) Importer(815301076,1909f56bfc062723c751e8b465ee728b)
Start importing Assets/nana/RunnerTileSet_86.asset using Guid(663914e68189c354ba07296d712a969c) Importer(815301076,1909f56bfc062723c751e8b465ee728b) (PreviewImporter) -> (artifact id: '9694cccbc3b1d31f1c57be3f7fc49709') in 0.0322996 seconds
Number of updated asset objects reloaded before import = 0Number of asset objects unloaded after import = 3

========================================================================
Received Import Request.
  Time since last request: 1.961196 seconds.
  path: Assets/nana/RunnerTileSet_90.asset
  artifactKey: Guid(f8ca96e8e70e6f144ae8af1229a3f990) Importer(815301076,1909f56bfc062723c751e8b465ee728b)
Start importing Assets/nana/RunnerTileSet_90.asset using Guid(f8ca96e8e70e6f144ae8af1229a3f990) Importer(815301076,1909f56bfc062723c751e8b465ee728b) (PreviewImporter) -> (artifact id: '8b0d8bb0cc22c8610b6c51d76cb07055') in 0.0314121 seconds
Number of updated asset objects reloaded before import = 0Number of asset objects unloaded after import = 3

========================================================================
Received Import Request.
  Time since last request: 11.280209 seconds.
  path: Assets/nana/RunnerTileSet_94.asset
  artifactKey: Guid(4ee26fa3fa00a594fb0c73f5c7ab35a9) Importer(815301076,1909f56bfc062723c751e8b465ee728b)
Start importing Assets/nana/RunnerTileSet_94.asset using Guid(4ee26fa3fa00a594fb0c73f5c7ab35a9) Importer(815301076,1909f56bfc062723c751e8b465ee728b) (PreviewImporter) -> (artifact id: 'a00678ba94f9235570f22f9e7c9e1043') in 0.0341161 seconds
Number of updated asset objects reloaded before import = 0Number of asset objects unloaded after import = 3

========================================================================
Received Import Request.
  Time since last request: 0.000016 seconds.
  path: Assets/nana/RunnerTileSet_102.asset
  artifactKey: Guid(a803006cd62caa04a8e2c482423203ff) Importer(815301076,1909f56bfc062723c751e8b465ee728b)
Start importing Assets/nana/RunnerTileSet_102.asset using Guid(a803006cd62caa04a8e2c482423203ff) Importer(815301076,1909f56bfc062723c751e8b465ee728b) (PreviewImporter) -> (artifact id: 'fc3557fb20625eee0689f8dca67f7aaa') in 0.025872 seconds
Number of updated asset objects reloaded before import = 0Number of asset objects unloaded after import = 3

========================================================================
Received Import Request.
  Time since last request: 0.000025 seconds.
  path: Assets/nana/RunnerTileSet_111.asset
  artifactKey: Guid(83434e227248f3441a859e9296569f7a) Importer(815301076,1909f56bfc062723c751e8b465ee728b)
Start importing Assets/nana/RunnerTileSet_111.asset using Guid(83434e227248f3441a859e9296569f7a) Importer(815301076,1909f56bfc062723c751e8b465ee728b) (PreviewImporter) -> (artifact id: '58786349b75a63a3acc89cd59ef79308') in 0.0264706 seconds
Number of updated asset objects reloaded before import = 0Number of asset objects unloaded after import = 3

========================================================================
Received Import Request.
  Time since last request: 0.000023 seconds.
  path: Assets/nana/RunnerTileSet_107.asset
  artifactKey: Guid(d386fa2705222c74b9aa02bc68f45cfa) Importer(815301076,1909f56bfc062723c751e8b465ee728b)
Start importing Assets/nana/RunnerTileSet_107.asset using Guid(d386fa2705222c74b9aa02bc68f45cfa) Importer(815301076,1909f56bfc062723c751e8b465ee728b) (PreviewImporter) -> (artifact id: 'ff718fd91e8ffcc4712c4a3070375dda') in 0.024448 seconds
Number of updated asset objects reloaded before import = 0Number of asset objects unloaded after import = 3

========================================================================
Received Import Request.
  Time since last request: 0.000048 seconds.
  path: Assets/nana/RunnerTileSet_119.asset
  artifactKey: Guid(4f095753596678f4c8f683f70c8e1581) Importer(815301076,1909f56bfc062723c751e8b465ee728b)
Start importing Assets/nana/RunnerTileSet_119.asset using Guid(4f095753596678f4c8f683f70c8e1581) Importer(815301076,1909f56bfc062723c751e8b465ee728b) (PreviewImporter) -> (artifact id: 'a8e55efd81e791363cbf2eb9d9ea02f7') in 0.026403 seconds
Number of updated asset objects reloaded before import = 0Number of asset objects unloaded after import = 3

========================================================================
Received Import Request.
  Time since last request: 0.000019 seconds.
  path: Assets/nana/RunnerTileSet_127.asset
  artifactKey: Guid(5dc8dc861938dd64da86058e2d1ff3df) Importer(815301076,1909f56bfc062723c751e8b465ee728b)
Start importing Assets/nana/RunnerTileSet_127.asset using Guid(5dc8dc861938dd64da86058e2d1ff3df) Importer(815301076,1909f56bfc062723c751e8b465ee728b) (PreviewImporter) -> (artifact id: '78bae71cd3b6948a5be1d4fadc022452') in 0.0254701 seconds
Number of updated asset objects reloaded before import = 0Number of asset objects unloaded after import = 3

========================================================================
Received Import Request.
  Time since last request: 0.000027 seconds.
  path: Assets/nana/RunnerTileSet_141.asset
  artifactKey: Guid(108c5436c45d2304494a0c1481659dd3) Importer(815301076,1909f56bfc062723c751e8b465ee728b)
Start importing Assets/nana/RunnerTileSet_141.asset using Guid(108c5436c45d2304494a0c1481659dd3) Importer(815301076,1909f56bfc062723c751e8b465ee728b) (PreviewImporter) -> (artifact id: '61664788484f67fc7faf8e3c5947696e') in 0.0236503 seconds
Number of updated asset objects reloaded before import = 0Number of asset objects unloaded after import = 3

========================================================================
Received Import Request.
  Time since last request: 0.000019 seconds.
  path: Assets/nana/RunnerTileSet_121.asset
  artifactKey: Guid(73ca137bce3db3f45ba1546e3ea7b95e) Importer(815301076,1909f56bfc062723c751e8b465ee728b)
Start importing Assets/nana/RunnerTileSet_121.asset using Guid(73ca137bce3db3f45ba1546e3ea7b95e) Importer(815301076,1909f56bfc062723c751e8b465ee728b) (PreviewImporter) -> (artifact id: 'c6dca768d84d49720d8dc53db42e1c94') in 0.0073225 seconds
Number of updated asset objects reloaded before import = 0Number of asset objects unloaded after import = 3

========================================================================
Received Import Request.
  Time since last request: 0.000023 seconds.
  path: Assets/nana/RunnerTileSet_148.asset
  artifactKey: Guid(a330512b865aed947a223f1b2da7e854) Importer(815301076,1909f56bfc062723c751e8b465ee728b)
Start importing Assets/nana/RunnerTileSet_148.asset using Guid(a330512b865aed947a223f1b2da7e854) Importer(815301076,1909f56bfc062723c751e8b465ee728b) (PreviewImporter) -> (artifact id: 'ebc1a9ab038978d02997e2e132e2ef87') in 0.0223661 seconds
Number of updated asset objects reloaded before import = 0Number of asset objects unloaded after import = 3

========================================================================
Received Import Request.
  Time since last request: 0.000037 seconds.
  path: Assets/nana/RunnerTileSet_116.asset
  artifactKey: Guid(c906a336ccb54c04da37525987b48d2c) Importer(815301076,1909f56bfc062723c751e8b465ee728b)
Start importing Assets/nana/RunnerTileSet_116.asset using Guid(c906a336ccb54c04da37525987b48d2c) Importer(815301076,1909f56bfc062723c751e8b465ee728b) (PreviewImporter) -> (artifact id: '39c7b9e9ab5fe084e292ec7950b402e1') in 0.0249838 seconds
Number of updated asset objects reloaded before import = 0Number of asset objects unloaded after import = 3

========================================================================
Received Import Request.
  Time since last request: 0.000020 seconds.
  path: Assets/nana/RunnerTileSet_133.asset
  artifactKey: Guid(deef8cbdd0a1365489b71f72a5f58d5a) Importer(815301076,1909f56bfc062723c751e8b465ee728b)
Start importing Assets/nana/RunnerTileSet_133.asset using Guid(deef8cbdd0a1365489b71f72a5f58d5a) Importer(815301076,1909f56bfc062723c751e8b465ee728b) (PreviewImporter) -> (artifact id: 'f56e5490e3584ab05237765d00d81df1') in 0.0222376 seconds
Number of updated asset objects reloaded before import = 0Number of asset objects unloaded after import = 3

========================================================================
Received Import Request.
  Time since last request: 0.000020 seconds.
  path: Assets/nana/RunnerTileSet_139.asset
  artifactKey: Guid(c6dc7e34f106faa46ad7a33cf7123abc) Importer(815301076,1909f56bfc062723c751e8b465ee728b)
Start importing Assets/nana/RunnerTileSet_139.asset using Guid(c6dc7e34f106faa46ad7a33cf7123abc) Importer(815301076,1909f56bfc062723c751e8b465ee728b) (PreviewImporter) -> (artifact id: '527f202a53bfa3cbcb80c0d2e71790aa') in 0.0265319 seconds
Number of updated asset objects reloaded before import = 0Number of asset objects unloaded after import = 3

========================================================================
Received Import Request.
  Time since last request: 0.000018 seconds.
  path: Assets/nana/RunnerTileSet_151.asset
  artifactKey: Guid(06fffa1ac8fe5ee44bd10c5a8073578a) Importer(815301076,1909f56bfc062723c751e8b465ee728b)
Start importing Assets/nana/RunnerTileSet_151.asset using Guid(06fffa1ac8fe5ee44bd10c5a8073578a) Importer(815301076,1909f56bfc062723c751e8b465ee728b) (PreviewImporter) -> (artifact id: '7b173d8c938a9a27fe02ced3e181e9d1') in 0.0227532 seconds
Number of updated asset objects reloaded before import = 0Number of asset objects unloaded after import = 3

========================================================================
Received Import Request.
  Time since last request: 0.000023 seconds.
  path: Assets/nana/RunnerTileSet_134.asset
  artifactKey: Guid(f2fccb51fccfb1241ac338521a42d839) Importer(815301076,1909f56bfc062723c751e8b465ee728b)
Start importing Assets/nana/RunnerTileSet_134.asset using Guid(f2fccb51fccfb1241ac338521a42d839) Importer(815301076,1909f56bfc062723c751e8b465ee728b) (PreviewImporter) -> (artifact id: '4a0629469e510e1fbd008ba12dc2662f') in 0.0229998 seconds
Number of updated asset objects reloaded before import = 0Number of asset objects unloaded after import = 3

========================================================================
Received Import Request.
  Time since last request: 0.000028 seconds.
  path: Assets/nana/RunnerTileSet_150.asset
  artifactKey: Guid(7fda9e0371b53764da8f22c67e6f5102) Importer(815301076,1909f56bfc062723c751e8b465ee728b)
Start importing Assets/nana/RunnerTileSet_150.asset using Guid(7fda9e0371b53764da8f22c67e6f5102) Importer(815301076,1909f56bfc062723c751e8b465ee728b) (PreviewImporter) -> (artifact id: '4b0b428025eff32410562792843a92b4') in 0.0248132 seconds
Number of updated asset objects reloaded before import = 0Number of asset objects unloaded after import = 3

========================================================================
Received Import Request.
  Time since last request: 12.661478 seconds.
  path: Assets/nana/RunnerTileSet_155.asset
  artifactKey: Guid(8a4ce2ff6d756b045b6f3d101269d752) Importer(815301076,1909f56bfc062723c751e8b465ee728b)
Start importing Assets/nana/RunnerTileSet_155.asset using Guid(8a4ce2ff6d756b045b6f3d101269d752) Importer(815301076,1909f56bfc062723c751e8b465ee728b) (PreviewImporter) -> (artifact id: 'b00ea528b19ef3ee86b64ec57b7a2d34') in 0.0309059 seconds
Number of updated asset objects reloaded before import = 0Number of asset objects unloaded after import = 3

========================================================================
Received Import Request.
  Time since last request: 0.000024 seconds.
  path: Assets/nana/RunnerTileSet_162.asset
  artifactKey: Guid(bce6fc19538502c47abfd3dc796ed567) Importer(815301076,1909f56bfc062723c751e8b465ee728b)
Start importing Assets/nana/RunnerTileSet_162.asset using Guid(bce6fc19538502c47abfd3dc796ed567) Importer(815301076,1909f56bfc062723c751e8b465ee728b) (PreviewImporter) -> (artifact id: '190df6dc649544fb0e05f58c437b8767') in 0.0253909 seconds
Number of updated asset objects reloaded before import = 0Number of asset objects unloaded after import = 3

========================================================================
Received Import Request.
  Time since last request: 0.000023 seconds.
  path: Assets/nana/RunnerTileSet_175.asset
  artifactKey: Guid(1c14e7a238cd32d48973ef8e1c7ff540) Importer(815301076,1909f56bfc062723c751e8b465ee728b)
Start importing Assets/nana/RunnerTileSet_175.asset using Guid(1c14e7a238cd32d48973ef8e1c7ff540) Importer(815301076,1909f56bfc062723c751e8b465ee728b) (PreviewImporter) -> (artifact id: 'f08fba4d2de1301fcf3962e4d1c2d8ba') in 0.0272154 seconds
Number of updated asset objects reloaded before import = 0Number of asset objects unloaded after import = 3

========================================================================
Received Import Request.
  Time since last request: 0.000036 seconds.
  path: Assets/nana/RunnerTileSet_173.asset
  artifactKey: Guid(0ddf9e5ea27d5eb469a522b784545d84) Importer(815301076,1909f56bfc062723c751e8b465ee728b)
Start importing Assets/nana/RunnerTileSet_173.asset using Guid(0ddf9e5ea27d5eb469a522b784545d84) Importer(815301076,1909f56bfc062723c751e8b465ee728b) (PreviewImporter) -> (artifact id: 'b412b6f6fda1d5a5e75a1e2fe2ed7700') in 0.0280466 seconds
Number of updated asset objects reloaded before import = 0Number of asset objects unloaded after import = 3

========================================================================
Received Import Request.
  Time since last request: 0.000021 seconds.
  path: Assets/nana/RunnerTileSet_200.asset
  artifactKey: Guid(f7be56b5331dbaf468214d146f401038) Importer(815301076,1909f56bfc062723c751e8b465ee728b)
Start importing Assets/nana/RunnerTileSet_200.asset using Guid(f7be56b5331dbaf468214d146f401038) Importer(815301076,1909f56bfc062723c751e8b465ee728b) (PreviewImporter) -> (artifact id: 'b2ee1f3fced544ab935c6b57e1d47844') in 0.0254981 seconds
Number of updated asset objects reloaded before import = 0Number of asset objects unloaded after import = 3

========================================================================
Received Import Request.
  Time since last request: 0.000020 seconds.
  path: Assets/nana/RunnerTileSet_201.asset
  artifactKey: Guid(dedfb3e9861354a48b0f00bc03a96957) Importer(815301076,1909f56bfc062723c751e8b465ee728b)
Start importing Assets/nana/RunnerTileSet_201.asset using Guid(dedfb3e9861354a48b0f00bc03a96957) Importer(815301076,1909f56bfc062723c751e8b465ee728b) (PreviewImporter) -> (artifact id: '7e44a36ee98b138d37f6edee77656ca5') in 0.0284013 seconds
Number of updated asset objects reloaded before import = 0Number of asset objects unloaded after import = 3

========================================================================
Received Import Request.
  Time since last request: 0.000025 seconds.
  path: Assets/nana/RunnerTileSet_222.asset
  artifactKey: Guid(36f016a399a79e4449fe7b4cb251e5fa) Importer(815301076,1909f56bfc062723c751e8b465ee728b)
Start importing Assets/nana/RunnerTileSet_222.asset using Guid(36f016a399a79e4449fe7b4cb251e5fa) Importer(815301076,1909f56bfc062723c751e8b465ee728b) (PreviewImporter) -> (artifact id: '5c9e7021d51fcc6889941f385e39c1fc') in 0.0245635 seconds
Number of updated asset objects reloaded before import = 0Number of asset objects unloaded after import = 3

========================================================================
Received Import Request.
  Time since last request: 0.000036 seconds.
  path: Assets/nana/RunnerTileSet_242.asset
  artifactKey: Guid(6bd62618927792741ae54cb0bce14f92) Importer(815301076,1909f56bfc062723c751e8b465ee728b)
Start importing Assets/nana/RunnerTileSet_242.asset using Guid(6bd62618927792741ae54cb0bce14f92) Importer(815301076,1909f56bfc062723c751e8b465ee728b) (PreviewImporter) -> (artifact id: '19a5d54768bf5361e7b427bd3b63bfa6') in 0.0283866 seconds
Number of updated asset objects reloaded before import = 0Number of asset objects unloaded after import = 3

========================================================================
Received Import Request.
  Time since last request: 0.000023 seconds.
  path: Assets/nana/RunnerTileSet_247.asset
  artifactKey: Guid(c31cec4947c1ddf4d8e175d3d6f1d3d1) Importer(815301076,1909f56bfc062723c751e8b465ee728b)
Start importing Assets/nana/RunnerTileSet_247.asset using Guid(c31cec4947c1ddf4d8e175d3d6f1d3d1) Importer(815301076,1909f56bfc062723c751e8b465ee728b) (PreviewImporter) -> (artifact id: 'ddff8aa9dca96475876051628fc0a403') in 0.0248043 seconds
Number of updated asset objects reloaded before import = 0Number of asset objects unloaded after import = 3

========================================================================
Received Import Request.
  Time since last request: 0.000023 seconds.
  path: Assets/nana/RunnerTileSet_252.asset
  artifactKey: Guid(099c65641d941cb4ab40eacb2b86c787) Importer(815301076,1909f56bfc062723c751e8b465ee728b)
Start importing Assets/nana/RunnerTileSet_252.asset using Guid(099c65641d941cb4ab40eacb2b86c787) Importer(815301076,1909f56bfc062723c751e8b465ee728b) (PreviewImporter) -> (artifact id: 'e2e028f4e8029f6e73c9a4e795c94bcc') in 0.0235508 seconds
Number of updated asset objects reloaded before import = 0Number of asset objects unloaded after import = 3

========================================================================
Received Import Request.
  Time since last request: 0.000019 seconds.
  path: Assets/nana/RunnerTileSet_199.asset
  artifactKey: Guid(043bcb34d7389484897179bbeae17e33) Importer(815301076,1909f56bfc062723c751e8b465ee728b)
Start importing Assets/nana/RunnerTileSet_199.asset using Guid(043bcb34d7389484897179bbeae17e33) Importer(815301076,1909f56bfc062723c751e8b465ee728b) (PreviewImporter) -> (artifact id: 'ed8a4d3e2c24a86b8f74636d4769ffbe') in 0.0274156 seconds
Number of updated asset objects reloaded before import = 0Number of asset objects unloaded after import = 3

========================================================================
Received Import Request.
  Time since last request: 0.000029 seconds.
  path: Assets/nana/RunnerTileSet_219.asset
  artifactKey: Guid(26e7eda90f3274744afacc0f7faa0fb9) Importer(815301076,1909f56bfc062723c751e8b465ee728b)
Start importing Assets/nana/RunnerTileSet_219.asset using Guid(26e7eda90f3274744afacc0f7faa0fb9) Importer(815301076,1909f56bfc062723c751e8b465ee728b) (PreviewImporter) -> (artifact id: 'c8b71eb35910531189e938019f0c05f8') in 0.0250903 seconds
Number of updated asset objects reloaded before import = 0Number of asset objects unloaded after import = 3

========================================================================
Received Import Request.
  Time since last request: 0.000039 seconds.
  path: Assets/nana/RunnerTileSet_231.asset
  artifactKey: Guid(bb4f2548a54d62449b398e48e9b32ad6) Importer(815301076,1909f56bfc062723c751e8b465ee728b)
Start importing Assets/nana/RunnerTileSet_231.asset using Guid(bb4f2548a54d62449b398e48e9b32ad6) Importer(815301076,1909f56bfc062723c751e8b465ee728b) (PreviewImporter) -> (artifact id: '263a537fd9a47787a6d1d3dd5fed3293') in 0.0278776 seconds
Number of updated asset objects reloaded before import = 0Number of asset objects unloaded after import = 3

========================================================================
Received Import Request.
  Time since last request: 0.000032 seconds.
  path: Assets/nana/RunnerTileSet_256.asset
  artifactKey: Guid(6f9be39c920e5b1489d843da62b970a7) Importer(815301076,1909f56bfc062723c751e8b465ee728b)
Start importing Assets/nana/RunnerTileSet_256.asset using Guid(6f9be39c920e5b1489d843da62b970a7) Importer(815301076,1909f56bfc062723c751e8b465ee728b) (PreviewImporter) -> (artifact id: 'd8224086030d58f5a8f6ed2ff6b39106') in 0.0254293 seconds
Number of updated asset objects reloaded before import = 0Number of asset objects unloaded after import = 3

========================================================================
Received Import Request.
  Time since last request: 0.000024 seconds.
  path: Assets/nana/RunnerTileSet_187.asset
  artifactKey: Guid(59cf5a3cc9e8832428ffab52d303a23b) Importer(815301076,1909f56bfc062723c751e8b465ee728b)
Start importing Assets/nana/RunnerTileSet_187.asset using Guid(59cf5a3cc9e8832428ffab52d303a23b) Importer(815301076,1909f56bfc062723c751e8b465ee728b) (PreviewImporter) -> (artifact id: '62ddb01a914252c12702bff0cd8971be') in 0.0265519 seconds
Number of updated asset objects reloaded before import = 0Number of asset objects unloaded after import = 3

========================================================================
Received Import Request.
  Time since last request: 0.000022 seconds.
  path: Assets/nana/RunnerTileSet_229.asset
  artifactKey: Guid(6590c8c1398117245b56d575b171c91b) Importer(815301076,1909f56bfc062723c751e8b465ee728b)
Start importing Assets/nana/RunnerTileSet_229.asset using Guid(6590c8c1398117245b56d575b171c91b) Importer(815301076,1909f56bfc062723c751e8b465ee728b) (PreviewImporter) -> (artifact id: '6159f1f5300b0cb0d9e37a3144155194') in 0.0243013 seconds
Number of updated asset objects reloaded before import = 0Number of asset objects unloaded after import = 3

========================================================================
Received Import Request.
  Time since last request: 0.000026 seconds.
  path: Assets/nana/RunnerTileSet_171.asset
  artifactKey: Guid(bdf52daca3c5c6d40be835812010d422) Importer(815301076,1909f56bfc062723c751e8b465ee728b)
Start importing Assets/nana/RunnerTileSet_171.asset using Guid(bdf52daca3c5c6d40be835812010d422) Importer(815301076,1909f56bfc062723c751e8b465ee728b) (PreviewImporter) -> (artifact id: 'a9459c8be0430cf155a4895bccdefb0d') in 0.025845 seconds
Number of updated asset objects reloaded before import = 0Number of asset objects unloaded after import = 3

========================================================================
Received Import Request.
  Time since last request: 0.000039 seconds.
  path: Assets/nana/RunnerTileSet_157.asset
  artifactKey: Guid(31f0aa4e3afe18747bb76692699c4904) Importer(815301076,1909f56bfc062723c751e8b465ee728b)
Start importing Assets/nana/RunnerTileSet_157.asset using Guid(31f0aa4e3afe18747bb76692699c4904) Importer(815301076,1909f56bfc062723c751e8b465ee728b) (PreviewImporter) -> (artifact id: '3d06ef4adaa9115a07fbbe5a96908e78') in 0.0234169 seconds
Number of updated asset objects reloaded before import = 0Number of asset objects unloaded after import = 3

========================================================================
Received Import Request.
  Time since last request: 0.000025 seconds.
  path: Assets/nana/RunnerTileSet_176.asset
  artifactKey: Guid(c216bb82ae279b446a59d02ee0679955) Importer(815301076,1909f56bfc062723c751e8b465ee728b)
Start importing Assets/nana/RunnerTileSet_176.asset using Guid(c216bb82ae279b446a59d02ee0679955) Importer(815301076,1909f56bfc062723c751e8b465ee728b) (PreviewImporter) -> (artifact id: 'd1e37649e7eb799ba5791ec2107d54ae') in 0.0267087 seconds
Number of updated asset objects reloaded before import = 0Number of asset objects unloaded after import = 3

========================================================================
Received Import Request.
  Time since last request: 0.000022 seconds.
  path: Assets/nana/RunnerTileSet_227.asset
  artifactKey: Guid(e4b86c7458a70724e91e5fbfe72f447c) Importer(815301076,1909f56bfc062723c751e8b465ee728b)
Start importing Assets/nana/RunnerTileSet_227.asset using Guid(e4b86c7458a70724e91e5fbfe72f447c) Importer(815301076,1909f56bfc062723c751e8b465ee728b) (PreviewImporter) -> (artifact id: '383dee89ddfe3f4e6196a715112512c4') in 0.0309157 seconds
Number of updated asset objects reloaded before import = 0Number of asset objects unloaded after import = 3

========================================================================
Received Import Request.
  Time since last request: 0.000030 seconds.
  path: Assets/nana/RunnerTileSet_237.asset
  artifactKey: Guid(f759acc005d05854d8e97247af0daa32) Importer(815301076,1909f56bfc062723c751e8b465ee728b)
Start importing Assets/nana/RunnerTileSet_237.asset using Guid(f759acc005d05854d8e97247af0daa32) Importer(815301076,1909f56bfc062723c751e8b465ee728b) (PreviewImporter) -> (artifact id: '9d4af9c91397a7c9d5c3020cc4de1379') in 0.0265806 seconds
Number of updated asset objects reloaded before import = 0Number of asset objects unloaded after import = 3

========================================================================
Received Import Request.
  Time since last request: 0.000039 seconds.
  path: Assets/nana/RunnerTileSet_158.asset
  artifactKey: Guid(d7193e4a25dda604a9db2d9f49d3ae3d) Importer(815301076,1909f56bfc062723c751e8b465ee728b)
Start importing Assets/nana/RunnerTileSet_158.asset using Guid(d7193e4a25dda604a9db2d9f49d3ae3d) Importer(815301076,1909f56bfc062723c751e8b465ee728b) (PreviewImporter) -> (artifact id: 'f811c4dff3e5a0c977c30422f9f03684') in 0.0279488 seconds
Number of updated asset objects reloaded before import = 0Number of asset objects unloaded after import = 3

Editor requested this worker to shutdown with reason: Scaling down because of idle timeout
AssetImportWorker is now disconnected from the server
Process exiting
Exiting without the bug reporter. Application will terminate with return code 0